app/build/outputs/logs/manifest-merger-debug-report.txt
-- Merging decision tree log ---
manifest
ADDED from SFAndroid\app\AndroidManifest.xml:2:1-168:12
	package
		ADDED from SFAndroid\app\AndroidManifest.xml:3:5-34
	android:versionName
		ADDED from SFAndroid\app\AndroidManifest.xml:6:5-30
		INJECTED from SFAndroid\app\AndroidManifest.xml
		INJECTED from SFAndroid\app\AndroidManifest.xml
	android:versionCode
		ADDED from SFAndroid\app\AndroidManifest.xml:5:5-28
		INJECTED from SFAndroid\app\AndroidManifest.xml
		INJECTED from SFAndroid\app\AndroidManifest.xml
	xmlns:android
		ADDED from SFAndroid\app\AndroidManifest.xml:2:11-69
	android:installLocation
		ADDED from SFAndroid\app\AndroidManifest.xml:4:5-43
uses-sdk
ADDED from SFAndroid\app\AndroidManifest.xml:8:5-10:41
MERGED from [TestApp.libs:SmartSync:unspecified] AndroidManifest.xml:7:5-9:41
MERGED from [TestApp.libs:SmartStore:unspecified] AndroidManifest.xml:7:5-9:41
MERGED from [TestApp.libs:SalesforceSDK:unspecified] AndroidManifest.xml:7:5-9:41
MERGED from [TestApp.libs:SalesforceAnalytics:unspecified] AndroidManifest.xml:7:5-9:41
MERGED from [net.zetetic:android-database-sqlcipher:3.5.2] AndroidManifest.xml:3:3-40
MERGED from [com.android.support.constraint:constraint-layout:1.0.2] AndroidManifest.xml:5:5-7:41
MERGED from [com.auth0.android:jwtdecode:1.1.1] AndroidManifest.xml:8:5-10:41
MERGED from [de.hdodenhof:circleimageview:1.2.1] AndroidManifest.xml:5:5-7:41
MERGED from [com.google.android.gms:play-services:11.0.2] AndroidManifest.xml:4:5-43
MERGED from [com.google.android.gms:play-services-ads:11.0.2] AndroidManifest.xml:17:5-43
MERGED from [com.google.android.gms:play-services-ads-lite:11.0.2] AndroidManifest.xml:22:5-43
MERGED from [com.google.android.gms:play-services-analytics:11.0.2] AndroidManifest.xml:17:5-43
MERGED from [com.google.android.gms:play-services-appinvite:11.0.2] AndroidManifest.xml:17:5-43
MERGED from [com.google.android.gms:play-services-auth-api-phone:11.0.2] AndroidManifest.xml:3:3-41
MERGED from [com.google.android.gms:play-services-auth:11.0.2] AndroidManifest.xml:17:5-43
MERGED from [com.google.android.gms:play-services-auth-base:11.0.2] AndroidManifest.xml:4:5-43
MERGED from [com.google.android.gms:play-services-cast-framework:11.0.2] AndroidManifest.xml:3:5-43
MERGED from [com.google.android.gms:play-services-cast:11.0.2] AndroidManifest.xml:17:5-43
MERGED from [com.android.support:mediarouter-v7:25.2.0] AndroidManifest.xml:20:5-43
MERGED from [com.android.support:palette-v7:25.2.0] AndroidManifest.xml:20:5-43
MERGED from [com.google.android.gms:play-services-clearcut:11.0.2] AndroidManifest.xml:17:5-43
MERGED from [com.google.firebase:firebase-config:11.0.2] AndroidManifest.xml:17:5-43
MERGED from [com.google.android.gms:play-services-awareness:11.0.2] AndroidManifest.xml:17:5-43
MERGED from [com.google.firebase:firebase-crash:11.0.2] AndroidManifest.xml:20:5-43
MERGED from [com.google.firebase:firebase-auth:11.0.2] AndroidManifest.xml:17:5-43
MERGED from [com.google.firebase:firebase-database:11.0.2] AndroidManifest.xml:3:5-43
MERGED from [com.google.firebase:firebase-database-connection:11.0.2] AndroidManifest.xml:3:5-43
MERGED from [com.google.firebase:firebase-dynamic-links:11.0.2] AndroidManifest.xml:3:3-41
MERGED from [com.google.firebase:firebase-messaging:11.0.2] AndroidManifest.xml:17:5-43
MERGED from [com.google.firebase:firebase-storage:11.0.2] AndroidManifest.xml:3:5-43
MERGED from [com.google.firebase:firebase-storage-common:11.0.2] AndroidManifest.xml:3:5-43
MERGED from [com.google.android.gms:play-services-fitness:11.0.2] AndroidManifest.xml:17:5-43
MERGED from [com.google.android.gms:play-services-games:11.0.2] AndroidManifest.xml:17:5-43
MERGED from [com.google.android.gms:play-services-drive:11.0.2] AndroidManifest.xml:17:5-43
MERGED from [com.google.android.gms:play-services-gass:11.0.2] AndroidManifest.xml:3:5-43
MERGED from [com.google.android.gms:play-services-gcm:11.0.2] AndroidManifest.xml:17:5-43
MERGED from [com.google.firebase:firebase-appindexing:11.0.2] AndroidManifest.xml:17:5-43
MERGED from [com.google.android.gms:play-services-iid:11.0.2] AndroidManifest.xml:17:5-43
MERGED from [com.google.android.gms:play-services-instantapps:11.0.2] AndroidManifest.xml:3:5-43
MERGED from [com.google.android.gms:play-services-location:11.0.2] AndroidManifest.xml:3:5-43
MERGED from [com.google.android.gms:play-services-nearby:11.0.2] AndroidManifest.xml:3:5-43
MERGED from [com.google.android.gms:play-services-panorama:11.0.2] AndroidManifest.xml:17:5-43
MERGED from [com.google.android.gms:play-services-places:11.0.2] AndroidManifest.xml:17:5-43
MERGED from [com.google.android.gms:play-services-plus:11.0.2] AndroidManifest.xml:17:5-43
MERGED from [com.google.android.gms:play-services-safetynet:11.0.2] AndroidManifest.xml:17:5-43
MERGED from [com.google.android.gms:play-services-tagmanager:11.0.2] AndroidManifest.xml:17:5-43
MERGED from [com.google.android.gms:play-services-tagmanager-api:11.0.2] AndroidManifest.xml:17:5-43
MERGED from [com.google.android.gms:play-services-tagmanager-v4-impl:11.0.2] AndroidManifest.xml:17:5-43
MERGED from [com.google.android.gms:play-services-analytics-impl:11.0.2] AndroidManifest.xml:17:5-43
MERGED from [com.google.android.gms:play-services-vision:11.0.2] AndroidManifest.xml:3:5-43
MERGED from [com.google.android.gms:play-services-vision-common:11.0.2] AndroidManifest.xml:3:5-43
MERGED from [com.google.android.gms:play-services-wallet:11.0.2] AndroidManifest.xml:18:5-43
MERGED from [com.google.android.gms:play-services-identity:11.0.2] AndroidManifest.xml:17:5-43
MERGED from [com.google.android.gms:play-services-maps:11.0.2] AndroidManifest.xml:23:5-43
MERGED from [com.google.android.gms:play-services-wearable:11.0.2] AndroidManifest.xml:17:5-43
MERGED from [com.google.android.gms:play-services-base:11.0.2] AndroidManifest.xml:17:5-43
MERGED from [com.rom4ek:arcnavigationview:1.0.3] AndroidManifest.xml:8:5-10:41
MERGED from [com.android.support:design:25.3.1] AndroidManifest.xml:21:5-23:62
MERGED from [com.android.support:recyclerview-v7:25.3.1] AndroidManifest.xml:20:5-43
MERGED from [com.android.support:transition:25.3.1] AndroidManifest.xml:20:5-44
MERGED from [com.github.GrenderG:Toasty:1.2.5] AndroidManifest.xml:8:5-10:41
MERGED from [com.android.support:appcompat-v7:25.3.1] AndroidManifest.xml:21:5-23:78
MERGED from [com.android.support:animated-vector-drawable:25.3.1] AndroidManifest.xml:20:5-44
MERGED from [com.android.support:support-vector-drawable:25.3.1] AndroidManifest.xml:20:5-43
MERGED from [com.google.firebase:firebase-core:11.0.2] AndroidManifest.xml:4:5-43
MERGED from [com.google.firebase:firebase-analytics:11.0.2] AndroidManifest.xml:17:5-43
MERGED from [com.google.firebase:firebase-analytics-impl:11.0.2] AndroidManifest.xml:17:5-43
MERGED from [com.google.firebase:firebase-iid:11.0.2] AndroidManifest.xml:17:5-43
MERGED from [com.google.firebase:firebase-common:11.0.2] AndroidManifest.xml:3:5-43
MERGED from [com.google.android.gms:play-services-tasks:11.0.2] AndroidManifest.xml:3:5-43
MERGED from [com.google.android.gms:play-services-basement:11.0.2] AndroidManifest.xml:17:5-43
MERGED from [com.android.support:support-v4:25.3.1] AndroidManifest.xml:21:5-23:54
MERGED from [com.android.support:support-fragment:25.3.1] AndroidManifest.xml:21:5-23:60
MERGED from [com.android.support:support-media-compat:25.3.1] AndroidManifest.xml:21:5-23:63
MERGED from [com.android.support:support-core-ui:25.3.1] AndroidManifest.xml:21:5-23:58
MERGED from [com.android.support:support-core-utils:25.3.1] AndroidManifest.xml:21:5-23:61
MERGED from [com.android.support:support-compat:25.3.1] AndroidManifest.xml:21:5-23:58
	tools:overrideLibrary
		ADDED from [com.android.support:design:25.3.1] AndroidManifest.xml:23:9-59
	android:targetSdkVersion
		ADDED from SFAndroid\app\AndroidManifest.xml:10:9-38
	android:minSdkVersion
		ADDED from SFAndroid\app\AndroidManifest.xml:9:9-35
permission#com.testapp.android.C2D_MESSAGE
ADDED from SFAndroid\app\AndroidManifest.xml:17:5-19:47
	android:protectionLevel
		ADDED from SFAndroid\app\AndroidManifest.xml:19:9-44
	android:name
		ADDED from SFAndroid\app\AndroidManifest.xml:18:9-55
uses-permission#com.testapp.android.C2D_MESSAGE
ADDED from SFAndroid\app\AndroidManifest.xml:21:5-71
	android:name
		ADDED from SFAndroid\app\AndroidManifest.xml:21:22-68
uses-permission#android.permission.WRITE_EXTERNAL_STORAGE
ADDED from SFAndroid\app\AndroidManifest.xml:22:5-81
	android:name
		ADDED from SFAndroid\app\AndroidManifest.xml:22:22-78
uses-permission#android.permission.READ_PHONE_STATE
ADDED from SFAndroid\app\AndroidManifest.xml:23:5-75
	android:name
		ADDED from SFAndroid\app\AndroidManifest.xml:23:22-72
uses-permission#android.permission.READ_EXTERNAL_STORAGE
ADDED from SFAndroid\app\AndroidManifest.xml:24:5-80
	android:name
		ADDED from SFAndroid\app\AndroidManifest.xml:24:22-77
uses-permission#android.permission.INTERNET
ADDED from SFAndroid\app\AndroidManifest.xml:25:5-67
MERGED from [TestApp.libs:SalesforceAnalytics:unspecified] AndroidManifest.xml:11:5-67
MERGED from [com.google.android.gms:play-services-ads-lite:11.0.2] AndroidManifest.xml:19:5-66
MERGED from [com.google.android.gms:play-services-analytics:11.0.2] AndroidManifest.xml:20:5-66
MERGED from [com.google.android.gms:play-services-appinvite:11.0.2] AndroidManifest.xml:18:5-66
MERGED from [com.google.firebase:firebase-crash:11.0.2] AndroidManifest.xml:18:5-66
MERGED from [com.google.android.gms:play-services-gcm:11.0.2] AndroidManifest.xml:21:5-66
MERGED from [com.google.android.gms:play-services-iid:11.0.2] AndroidManifest.xml:21:5-66
MERGED from [com.google.android.gms:play-services-tagmanager-api:11.0.2] AndroidManifest.xml:20:5-66
MERGED from [com.google.android.gms:play-services-analytics-impl:11.0.2] AndroidManifest.xml:20:5-66
MERGED from [com.google.android.gms:play-services-maps:11.0.2] AndroidManifest.xml:20:5-66
MERGED from [com.google.firebase:firebase-analytics:11.0.2] AndroidManifest.xml:20:5-66
MERGED from [com.google.firebase:firebase-analytics-impl:11.0.2] AndroidManifest.xml:20:5-66
MERGED from [com.google.firebase:firebase-iid:11.0.2] AndroidManifest.xml:20:5-66
	android:name
		ADDED from SFAndroid\app\AndroidManifest.xml:25:22-64
uses-permission#android.permission.ACCESS_COARSE_LOCATION
ADDED from SFAndroid\app\AndroidManifest.xml:26:5-81
	android:name
		ADDED from SFAndroid\app\AndroidManifest.xml:26:22-78
uses-permission#android.permission.BLUETOOTH
ADDED from SFAndroid\app\AndroidManifest.xml:27:5-68
	android:name
		ADDED from SFAndroid\app\AndroidManifest.xml:27:22-65
uses-permission#android.permission.BLUETOOTH_ADMIN
ADDED from SFAndroid\app\AndroidManifest.xml:28:5-74
	android:name
		ADDED from SFAndroid\app\AndroidManifest.xml:28:22-71
application
ADDED from SFAndroid\app\AndroidManifest.xml:30:5-166:19
MERGED from [TestApp.libs:SmartSync:unspecified] AndroidManifest.xml:11:5-20
MERGED from [TestApp.libs:SmartStore:unspecified] AndroidManifest.xml:11:5-15:19
MERGED from [TestApp.libs:SalesforceSDK:unspecified] AndroidManifest.xml:22:5-115:19
MERGED from [TestApp.libs:SalesforceAnalytics:unspecified] AndroidManifest.xml:14:5-20
MERGED from [com.android.support.constraint:constraint-layout:1.0.2] AndroidManifest.xml:9:5-20
MERGED from [de.hdodenhof:circleimageview:1.2.1] AndroidManifest.xml:9:5-20
MERGED from [com.google.android.gms:play-services:11.0.2] AndroidManifest.xml:5:5-20
MERGED from [com.google.android.gms:play-services-ads-lite:11.0.2] AndroidManifest.xml:23:5-26:19
MERGED from [com.google.android.gms:play-services-analytics:11.0.2] AndroidManifest.xml:26:5-19
MERGED from [com.google.android.gms:play-services-appinvite:11.0.2] AndroidManifest.xml:19:5-26:19
MERGED from [com.google.android.gms:play-services-auth:11.0.2] AndroidManifest.xml:19:5-25:19
MERGED from [com.google.android.gms:play-services-cast-framework:11.0.2] AndroidManifest.xml:4:5-8:19
MERGED from [com.google.android.gms:play-services-cast:11.0.2] AndroidManifest.xml:18:5-19
MERGED from [com.android.support:mediarouter-v7:25.2.0] AndroidManifest.xml:22:5-20
MERGED from [com.android.support:palette-v7:25.2.0] AndroidManifest.xml:22:5-23:19
MERGED from [com.google.android.gms:play-services-clearcut:11.0.2] AndroidManifest.xml:18:5-19
MERGED from [com.google.firebase:firebase-config:11.0.2] AndroidManifest.xml:18:5-19
MERGED from [com.google.android.gms:play-services-awareness:11.0.2] AndroidManifest.xml:18:5-19
MERGED from [com.google.firebase:firebase-crash:11.0.2] AndroidManifest.xml:22:5-23:19
MERGED from [com.google.firebase:firebase-auth:11.0.2] AndroidManifest.xml:19:5-20:19
MERGED from [com.google.firebase:firebase-dynamic-links:11.0.2] AndroidManifest.xml:5:3-17
MERGED from [com.google.firebase:firebase-messaging:11.0.2] AndroidManifest.xml:19:5-29:19
MERGED from [com.google.android.gms:play-services-fitness:11.0.2] AndroidManifest.xml:18:5-19
MERGED from [com.google.android.gms:play-services-games:11.0.2] AndroidManifest.xml:18:5-19
MERGED from [com.google.android.gms:play-services-drive:11.0.2] AndroidManifest.xml:18:5-19
MERGED from [com.google.android.gms:play-services-gass:11.0.2] AndroidManifest.xml:4:5-19
MERGED from [com.google.android.gms:play-services-gcm:11.0.2] AndroidManifest.xml:23:5-19
MERGED from [com.google.firebase:firebase-appindexing:11.0.2] AndroidManifest.xml:18:5-19
MERGED from [com.google.android.gms:play-services-iid:11.0.2] AndroidManifest.xml:23:5-19
MERGED from [com.google.android.gms:play-services-location:11.0.2] AndroidManifest.xml:4:5-19
MERGED from [com.google.android.gms:play-services-nearby:11.0.2] AndroidManifest.xml:5:5-19
MERGED from [com.google.android.gms:play-services-panorama:11.0.2] AndroidManifest.xml:18:5-19
MERGED from [com.google.android.gms:play-services-places:11.0.2] AndroidManifest.xml:18:5-19
MERGED from [com.google.android.gms:play-services-plus:11.0.2] AndroidManifest.xml:18:5-19
MERGED from [com.google.android.gms:play-services-safetynet:11.0.2] AndroidManifest.xml:18:5-19
MERGED from [com.google.android.gms:play-services-tagmanager-api:11.0.2] AndroidManifest.xml:23:5-33:19
MERGED from [com.google.android.gms:play-services-tagmanager-v4-impl:11.0.2] AndroidManifest.xml:19:5-19
MERGED from [com.google.android.gms:play-services-analytics-impl:11.0.2] AndroidManifest.xml:26:5-19
MERGED from [com.google.android.gms:play-services-vision:11.0.2] AndroidManifest.xml:4:5-19
MERGED from [com.google.android.gms:play-services-vision-common:11.0.2] AndroidManifest.xml:4:5-19
MERGED from [com.google.android.gms:play-services-identity:11.0.2] AndroidManifest.xml:18:5-19
MERGED from [com.google.android.gms:play-services-maps:11.0.2] AndroidManifest.xml:24:5-19
MERGED from [com.google.android.gms:play-services-wearable:11.0.2] AndroidManifest.xml:18:5-19
MERGED from [com.google.android.gms:play-services-base:11.0.2] AndroidManifest.xml:18:5-20:19
MERGED from [com.android.support:design:25.3.1] AndroidManifest.xml:29:5-20
MERGED from [com.android.support:transition:25.3.1] AndroidManifest.xml:26:5-20
MERGED from [com.android.support:appcompat-v7:25.3.1] AndroidManifest.xml:29:5-20
MERGED from [com.android.support:animated-vector-drawable:25.3.1] AndroidManifest.xml:26:5-20
MERGED from [com.android.support:support-vector-drawable:25.3.1] AndroidManifest.xml:26:5-20
MERGED from [com.google.firebase:firebase-core:11.0.2] AndroidManifest.xml:5:5-20
MERGED from [com.google.firebase:firebase-analytics:11.0.2] AndroidManifest.xml:24:5-34:19
MERGED from [com.google.firebase:firebase-analytics-impl:11.0.2] AndroidManifest.xml:24:5-28:19
MERGED from [com.google.firebase:firebase-iid:11.0.2] AndroidManifest.xml:28:5-49:19
MERGED from [com.google.firebase:firebase-common:11.0.2] AndroidManifest.xml:4:5-7:19
MERGED from [com.google.android.gms:play-services-tasks:11.0.2] AndroidManifest.xml:4:5-19
MERGED from [com.google.android.gms:play-services-basement:11.0.2] AndroidManifest.xml:19:5-21:19
MERGED from [com.android.support:support-v4:25.3.1] AndroidManifest.xml:29:5-20
MERGED from [com.android.support:support-fragment:25.3.1] AndroidManifest.xml:29:5-20
MERGED from [com.android.support:support-media-compat:25.3.1] AndroidManifest.xml:29:5-20
MERGED from [com.android.support:support-core-ui:25.3.1] AndroidManifest.xml:29:5-20
MERGED from [com.android.support:support-core-utils:25.3.1] AndroidManifest.xml:29:5-20
MERGED from [com.android.support:support-compat:25.3.1] AndroidManifest.xml:29:5-20
	android:label
		ADDED from SFAndroid\app\AndroidManifest.xml:33:9-41
	android:supportsRtl
		ADDED from SFAndroid\app\AndroidManifest.xml:35:9-35
	android:manageSpaceActivity
		ADDED from SFAndroid\app\AndroidManifest.xml:34:9-87
	android:icon
		ADDED from SFAndroid\app\AndroidManifest.xml:32:9-42
	android:theme
		ADDED from SFAndroid\app\AndroidManifest.xml:36:9-40
	android:name
		ADDED from SFAndroid\app\AndroidManifest.xml:31:9-47
provider#android.support.v4.content.FileProvider
ADDED from SFAndroid\app\AndroidManifest.xml:37:9-45:20
	android:authorities
		ADDED from SFAndroid\app\AndroidManifest.xml:39:13-60
		INJECTED from SFAndroid\app\AndroidManifest.xml
	android:grantUriPermissions
		ADDED from SFAndroid\app\AndroidManifest.xml:41:13-47
	android:exported
		ADDED from SFAndroid\app\AndroidManifest.xml:40:13-37
	android:name
		ADDED from SFAndroid\app\AndroidManifest.xml:38:13-67
meta-data#android.support.FILE_PROVIDER_PATHS
ADDED from SFAndroid\app\AndroidManifest.xml:42:13-44:58
	android:resource
		ADDED from SFAndroid\app\AndroidManifest.xml:44:17-55
	android:name
		ADDED from SFAndroid\app\AndroidManifest.xml:43:17-67
activity#com.testapp.android.RedirectActivity
ADDED from SFAndroid\app\AndroidManifest.xml:48:9-56:20
	android:configChanges
		ADDED from SFAndroid\app\AndroidManifest.xml:50:13-59
	android:name
		ADDED from SFAndroid\app\AndroidManifest.xml:49:13-45
intent-filter#android.intent.action.MAIN+android.intent.category.LAUNCHER
ADDED from SFAndroid\app\AndroidManifest.xml:51:13-55:29
action#android.intent.action.MAIN
ADDED from SFAndroid\app\AndroidManifest.xml:52:17-69
	android:name
		ADDED from SFAndroid\app\AndroidManifest.xml:52:25-66
category#android.intent.category.LAUNCHER
ADDED from SFAndroid\app\AndroidManifest.xml:54:17-77
	android:name
		ADDED from SFAndroid\app\AndroidManifest.xml:54:27-74
activity#com.testapp.android.client.ClientNavActivity
ADDED from SFAndroid\app\AndroidManifest.xml:57:9-60:65
	android:label
		ADDED from SFAndroid\app\AndroidManifest.xml:60:13-62
	android:configChanges
		ADDED from SFAndroid\app\AndroidManifest.xml:59:13-59
	android:name
		ADDED from SFAndroid\app\AndroidManifest.xml:58:13-53
activity#com.testapp.android.subcontractor.SubcontractorNavActivity
ADDED from SFAndroid\app\AndroidManifest.xml:61:9-64:72
	android:label
		ADDED from SFAndroid\app\AndroidManifest.xml:64:13-69
	android:configChanges
		ADDED from SFAndroid\app\AndroidManifest.xml:63:13-59
	android:name
		ADDED from SFAndroid\app\AndroidManifest.xml:62:13-67
activity#com.testapp.android.subcontractor.AssetPairingActivity
ADDED from SFAndroid\app\AndroidManifest.xml:65:9-70:57
	android:label
		ADDED from SFAndroid\app\AndroidManifest.xml:68:13-47
	android:parentActivityName
		ADDED from SFAndroid\app\AndroidManifest.xml:69:13-81
	android:windowSoftInputMode
		ADDED from SFAndroid\app\AndroidManifest.xml:70:13-54
	android:configChanges
		ADDED from SFAndroid\app\AndroidManifest.xml:67:13-59
	android:name
		ADDED from SFAndroid\app\AndroidManifest.xml:66:13-63
activity#com.testapp.android.client.ServicesActivity
ADDED from SFAndroid\app\AndroidManifest.xml:71:9-76:57
	android:label
		ADDED from SFAndroid\app\AndroidManifest.xml:74:13-37
	android:parentActivityName
		ADDED from SFAndroid\app\AndroidManifest.xml:75:13-67
	android:windowSoftInputMode
		ADDED from SFAndroid\app\AndroidManifest.xml:76:13-54
	android:configChanges
		ADDED from SFAndroid\app\AndroidManifest.xml:73:13-59
	android:name
		ADDED from SFAndroid\app\AndroidManifest.xml:72:13-52
activity#com.testapp.android.subcontractor.TokenActivity
ADDED from SFAndroid\app\AndroidManifest.xml:77:9-81:84
	android:label
		ADDED from SFAndroid\app\AndroidManifest.xml:80:13-40
	android:parentActivityName
		ADDED from SFAndroid\app\AndroidManifest.xml:81:13-81
	android:configChanges
		ADDED from SFAndroid\app\AndroidManifest.xml:79:13-59
	android:name
		ADDED from SFAndroid\app\AndroidManifest.xml:78:13-56
activity#com.testapp.android.subcontractor.ClientSelectActivity
ADDED from SFAndroid\app\AndroidManifest.xml:82:9-87:57
	android:label
		ADDED from SFAndroid\app\AndroidManifest.xml:85:13-49
	android:parentActivityName
		ADDED from SFAndroid\app\AndroidManifest.xml:86:13-81
	android:windowSoftInputMode
		ADDED from SFAndroid\app\AndroidManifest.xml:87:13-54
	android:configChanges
		ADDED from SFAndroid\app\AndroidManifest.xml:84:13-59
	android:name
		ADDED from SFAndroid\app\AndroidManifest.xml:83:13-63
activity#com.testapp.android.subcontractor.SFAssetsActivity
ADDED from SFAndroid\app\AndroidManifest.xml:88:9-92:84
	android:label
		ADDED from SFAndroid\app\AndroidManifest.xml:91:13-43
	android:parentActivityName
		ADDED from SFAndroid\app\AndroidManifest.xml:92:13-81
	android:configChanges
		ADDED from SFAndroid\app\AndroidManifest.xml:90:13-59
	android:name
		ADDED from SFAndroid\app\AndroidManifest.xml:89:13-59
activity#com.testapp.android.subcontractor.RequestDetailsActivity
ADDED from SFAndroid\app\AndroidManifest.xml:93:9-97:76
	android:label
		ADDED from SFAndroid\app\AndroidManifest.xml:96:13-36
	android:parentActivityName
		ADDED from SFAndroid\app\AndroidManifest.xml:97:13-73
	android:configChanges
		ADDED from SFAndroid\app\AndroidManifest.xml:95:13-59
	android:name
		ADDED from SFAndroid\app\AndroidManifest.xml:94:13-65
activity#com.testapp.android.subcontractor.RequestsActivity
ADDED from SFAndroid\app\AndroidManifest.xml:98:9-103:59
	android:label
		ADDED from SFAndroid\app\AndroidManifest.xml:101:13-60
	android:parentActivityName
		ADDED from SFAndroid\app\AndroidManifest.xml:102:13-81
	android:configChanges
		ADDED from SFAndroid\app\AndroidManifest.xml:100:13-59
	android:theme
		ADDED from SFAndroid\app\AndroidManifest.xml:103:13-56
	android:name
		ADDED from SFAndroid\app\AndroidManifest.xml:99:13-59
activity#com.testapp.android.client.PurchaseActivity
ADDED from SFAndroid\app\AndroidManifest.xml:104:9-108:70
	android:label
		ADDED from SFAndroid\app\AndroidManifest.xml:107:13-37
	android:parentActivityName
		ADDED from SFAndroid\app\AndroidManifest.xml:108:13-67
	android:configChanges
		ADDED from SFAndroid\app\AndroidManifest.xml:106:13-59
	android:name
		ADDED from SFAndroid\app\AndroidManifest.xml:105:13-52
activity#com.testapp.android.client.ShoppingCartActivity
ADDED from SFAndroid\app\AndroidManifest.xml:109:9-113:69
	android:label
		ADDED from SFAndroid\app\AndroidManifest.xml:112:13-47
	android:parentActivityName
		ADDED from SFAndroid\app\AndroidManifest.xml:113:13-66
	android:configChanges
		ADDED from SFAndroid\app\AndroidManifest.xml:111:13-59
	android:name
		ADDED from SFAndroid\app\AndroidManifest.xml:110:13-56
activity#com.testapp.android.client.OrderConfirmedActivity
ADDED from SFAndroid\app\AndroidManifest.xml:114:9-117:47
	android:label
		ADDED from SFAndroid\app\AndroidManifest.xml:117:13-44
	android:configChanges
		ADDED from SFAndroid\app\AndroidManifest.xml:116:13-59
	android:name
		ADDED from SFAndroid\app\AndroidManifest.xml:115:13-58
activity#com.testapp.android.client.OrdersActivity
ADDED from SFAndroid\app\AndroidManifest.xml:118:9-122:70
	android:label
		ADDED from SFAndroid\app\AndroidManifest.xml:121:13-40
	android:parentActivityName
		ADDED from SFAndroid\app\AndroidManifest.xml:122:13-67
	android:configChanges
		ADDED from SFAndroid\app\AndroidManifest.xml:120:13-59
	android:name
		ADDED from SFAndroid\app\AndroidManifest.xml:119:13-50
activity#com.testapp.android.subcontractor.AssetInstallationActivity
ADDED from SFAndroid\app\AndroidManifest.xml:123:9-127:76
	android:label
		ADDED from SFAndroid\app\AndroidManifest.xml:126:13-47
	android:parentActivityName
		ADDED from SFAndroid\app\AndroidManifest.xml:127:13-73
	android:configChanges
		ADDED from SFAndroid\app\AndroidManifest.xml:125:13-59
	android:name
		ADDED from SFAndroid\app\AndroidManifest.xml:124:13-68
activity#com.testapp.android.subcontractor.InstallAssetActivity
ADDED from SFAndroid\app\AndroidManifest.xml:128:9-139:20
	android:label
		ADDED from SFAndroid\app\AndroidManifest.xml:131:13-46
	android:configChanges
		ADDED from SFAndroid\app\AndroidManifest.xml:130:13-59
	android:name
		ADDED from SFAndroid\app\AndroidManifest.xml:129:13-63
intent-filter#android.intent.action.SEND+android.intent.category.DEFAULT
ADDED from SFAndroid\app\AndroidManifest.xml:132:13-138:29
action#android.intent.action.SEND
ADDED from SFAndroid\app\AndroidManifest.xml:133:17-69
	android:name
		ADDED from SFAndroid\app\AndroidManifest.xml:133:25-66
category#android.intent.category.DEFAULT
ADDED from SFAndroid\app\AndroidManifest.xml:135:17-76
	android:name
		ADDED from SFAndroid\app\AndroidManifest.xml:135:27-73
data
ADDED from SFAndroid\app\AndroidManifest.xml:137:17-48
	android:scheme
		INJECTED from SFAndroid\app\AndroidManifest.xml
	android:mimeType
		ADDED from SFAndroid\app\AndroidManifest.xml:137:23-45
activity#com.testapp.android.subcontractor.MonitorActivity
ADDED from SFAndroid\app\AndroidManifest.xml:140:9-144:84
	android:label
		ADDED from SFAndroid\app\AndroidManifest.xml:143:13-53
	android:parentActivityName
		ADDED from SFAndroid\app\AndroidManifest.xml:144:13-81
	android:configChanges
		ADDED from SFAndroid\app\AndroidManifest.xml:142:13-59
	android:name
		ADDED from SFAndroid\app\AndroidManifest.xml:141:13-58
activity#com.testapp.android.client.InstalledAssetsActivity
ADDED from SFAndroid\app\AndroidManifest.xml:145:9-68
	android:name
		ADDED from SFAndroid\app\AndroidManifest.xml:145:19-65
activity#com.testapp.android.subcontractor.BluetoothPairActivity
ADDED from SFAndroid\app\AndroidManifest.xml:146:9-73
	android:name
		ADDED from SFAndroid\app\AndroidManifest.xml:146:19-70
activity#com.testapp.android.subcontractor.Bluetooth.BTMainActivity
ADDED from SFAndroid\app\AndroidManifest.xml:147:9-151:84
	android:label
		ADDED from SFAndroid\app\AndroidManifest.xml:150:13-46
	android:parentActivityName
		ADDED from SFAndroid\app\AndroidManifest.xml:151:13-81
	android:configChanges
		ADDED from SFAndroid\app\AndroidManifest.xml:149:13-59
	android:name
		ADDED from SFAndroid\app\AndroidManifest.xml:148:13-67
activity#com.testapp.android.subcontractor.Bluetooth.DeviceListActivity
ADDED from SFAndroid\app\AndroidManifest.xml:152:9-156:84
	android:label
		ADDED from SFAndroid\app\AndroidManifest.xml:155:13-36
	android:parentActivityName
		ADDED from SFAndroid\app\AndroidManifest.xml:156:13-81
	android:configChanges
		ADDED from SFAndroid\app\AndroidManifest.xml:154:13-59
	android:name
		ADDED from SFAndroid\app\AndroidManifest.xml:153:13-71
activity#com.testapp.android.subcontractor.DeviceMetadataActivity
ADDED from SFAndroid\app\AndroidManifest.xml:157:9-160:56
	android:label
		ADDED from SFAndroid\app\AndroidManifest.xml:160:13-53
	android:configChanges
		ADDED from SFAndroid\app\AndroidManifest.xml:159:13-59
	android:name
		ADDED from SFAndroid\app\AndroidManifest.xml:158:13-65
activity#com.testapp.android.subcontractor.CaseAssetActivity
ADDED from SFAndroid\app\AndroidManifest.xml:161:9-165:83
	android:label
		ADDED from SFAndroid\app\AndroidManifest.xml:164:13-39
	android:parentActivityName
		ADDED from SFAndroid\app\AndroidManifest.xml:165:13-81
	android:configChanges
		ADDED from SFAndroid\app\AndroidManifest.xml:163:13-59
	android:name
		ADDED from SFAndroid\app\AndroidManifest.xml:162:13-60
activity#com.salesforce.androidsdk.smartstore.ui.SmartStoreInspectorActivity
ADDED from [TestApp.libs:SmartStore:unspecified] AndroidManifest.xml:14:9-104
	android:name
		ADDED from [TestApp.libs:SmartStore:unspecified] AndroidManifest.xml:14:19-101
uses-permission#android.permission.AUTHENTICATE_ACCOUNTS
ADDED from [TestApp.libs:SalesforceSDK:unspecified] AndroidManifest.xml:11:5-80
	android:name
		ADDED from [TestApp.libs:SalesforceSDK:unspecified] AndroidManifest.xml:11:22-77
uses-permission#android.permission.GET_ACCOUNTS
ADDED from [TestApp.libs:SalesforceSDK:unspecified] AndroidManifest.xml:12:5-71
	android:name
		ADDED from [TestApp.libs:SalesforceSDK:unspecified] AndroidManifest.xml:12:22-68
uses-permission#android.permission.MANAGE_ACCOUNTS
ADDED from [TestApp.libs:SalesforceSDK:unspecified] AndroidManifest.xml:13:5-74
	android:name
		ADDED from [TestApp.libs:SalesforceSDK:unspecified] AndroidManifest.xml:13:22-71
uses-permission#android.permission.USE_CREDENTIALS
ADDED from [TestApp.libs:SalesforceSDK:unspecified] AndroidManifest.xml:14:5-74
	android:name
		ADDED from [TestApp.libs:SalesforceSDK:unspecified] AndroidManifest.xml:14:22-71
uses-permission#android.permission.WAKE_LOCK
ADDED from [TestApp.libs:SalesforceSDK:unspecified] AndroidManifest.xml:15:5-68
MERGED from [com.google.android.gms:play-services-analytics:11.0.2] AndroidManifest.xml:24:5-67
MERGED from [com.google.android.gms:play-services-analytics-impl:11.0.2] AndroidManifest.xml:24:5-67
MERGED from [com.google.firebase:firebase-analytics:11.0.2] AndroidManifest.xml:22:5-67
MERGED from [com.google.firebase:firebase-analytics-impl:11.0.2] AndroidManifest.xml:22:5-67
MERGED from [com.google.firebase:firebase-iid:11.0.2] AndroidManifest.xml:21:5-67
	android:name
		ADDED from [TestApp.libs:SalesforceSDK:unspecified] AndroidManifest.xml:15:22-65
uses-permission#android.permission.GET_TASKS
ADDED from [TestApp.libs:SalesforceSDK:unspecified] AndroidManifest.xml:16:5-68
	android:name
		ADDED from [TestApp.libs:SalesforceSDK:unspecified] AndroidManifest.xml:16:22-65
uses-permission#com.google.android.c2dm.permission.RECEIVE
ADDED from [TestApp.libs:SalesforceSDK:unspecified] AndroidManifest.xml:17:5-82